2023-07-11 04:06:53|3956|USER-CHANGEPASSWD|user_id|3956|
2023-07-11 04:07:48|3956|LOSS-USER-ADD-LossListReport|loss_data_doc_list_id|2|
2023-07-11 04:07:48|3956|LOSS-USER-UPDATELossList|loss_data_doc_id|3|
2023-07-11 04:09:39|3956|LOSS-RISK-UPDATE-LossReportList|loss_data_doc_list_id|2|
2023-07-11 04:10:55|3956|LOSS-RISK-UPDATE-LossReportList|loss_data_doc_list_id|2|
2023-07-11 04:11:29|3956|LOSS-RISK-UPDATE-LossReportList|loss_data_doc_list_id|2|
2023-07-11 04:12:18|3956|LOSS-RISK-UPDATE-LossReportList|loss_data_doc_list_id|2|
2023-07-11 04:13:04|3956|LOSS-RISK-UPDATE-LossReportList|loss_data_doc_list_id|2|
2023-07-11 04:16:09|3956|LOSS-RISK-UPDATE-LossReportList|loss_data_doc_list_id|2|
2023-07-11 04:20:16|3956|LOSS-RISK-UPDATE-LossReportList|loss_data_doc_list_id||
2023-07-11 04:23:54|3956|CSA-ADMIN-USER-UPDATE|user_id|3955|admin_user_id|3956|
2023-07-11 04:24:13|3956|LOSS-RISK-UPDATE-LossReportList|loss_data_doc_list_id||
2023-07-11 04:25:12|3956|LOSS-RISK-UPDATE-LossReportList|loss_data_doc_list_id||
2023-07-11 04:27:47|3956|LOSS-USER-ADD-LossListReport|loss_data_doc_list_id|3|
2023-07-11 04:27:47|3956|LOSS-USER-UPDATELossList|loss_data_doc_id|4|
2023-07-11 04:28:11|3956|LOSS-RISK-UPDATE-LossReportList|loss_data_doc_list_id||
2023-07-11 04:33:43|3956|LOSS-RISK-UPDATE-LossReportList|loss_data_doc_list_id||
2023-07-11 04:34:01|3956|LOSS-RISK-UPDATE-LossReportList|loss_data_doc_list_id||
2023-07-11 04:40:21|3956|LOSS-RISK-UPDATESTATUS-LossReportList|loss_data_doc_list_id|2||STATUS|
2023-07-11 04:46:14|3956|LOSS-RISK-UPDATE-LossReportList|loss_data_doc_list_id||
2023-07-11 04:47:18|3956|LOSS-RISK-UPDATE-LossReportList|loss_data_doc_list_id||
2023-07-11 04:48:03|3956|LOSS-RISK-UPDATE-LossReportList|loss_data_doc_list_id|3|
2023-07-11 04:48:33|3956|LOSS-RISK-UPDATE-LossReportList|loss_data_doc_list_id|3|
2023-07-11 04:49:33|3956|LOSS-RISK-UPDATE-LossReportList|loss_data_doc_list_id|3|
2023-07-11 04:50:26|3956|LOSS-RISK-UPDATE-LossReportList|loss_data_doc_list_id|3|
2023-07-11 04:52:32|3956|LOSS-RISK-UPDATE-LossReportList|loss_data_doc_list_id|3|
2023-07-11 04:56:06|3956|LOSS-RISK-UPDATE-LossReportList|loss_data_doc_list_id|3|
2023-07-11 04:56:15|3956|LOSS-RISK-UPDATE-LossReportList|loss_data_doc_list_id||
2023-07-11 04:56:23|3956|LOSS-RISK-UPDATE-LossReportList|loss_data_doc_list_id|3|
2023-07-11 04:56:44|3956|LOSS-RISK-UPDATE-LossReportList|loss_data_doc_list_id||
2023-07-11 05:01:21|3956|LOSS-RISK-UPDATESTATUS-LossReportList|loss_data_doc_list_id|3||STATUS|1
2023-07-11 05:04:36|3956|LOSS-RISK-UPDATE-LossReportList|loss_data_doc_list_id||
2023-07-11 05:05:17|3956|LOSS-RISK-UPDATE-LossReportList|loss_data_doc_list_id||
2023-07-11 05:06:06|3956|LOSS-RISK-UPDATE-LossReportList|loss_data_doc_list_id||
2023-07-11 05:10:00|3956|LOSS-RISK-UPDATE-LossReportList|loss_data_doc_list_id|2|
2023-07-11 05:12:37|3956|LOSS-RISK-Delete-LossReportList|loss_data_doc_list_id|2
