2022-07-13 06:52:52|3956|LOSS-USER-ADD-LossReport|loss_data_doc_id|10|
2022-07-13 07:09:58|3956|LOSS-USER-ADD-LossListReport|loss_data_doc_list_id|11|
2022-07-13 07:09:58|3956|LOSS-USER-UPDATELossList|loss_data_doc_id|7|
2022-07-13 07:37:32|3956|CSA-ADMIN-USER-UPDATE|user_id|3956|admin_user_id|3956|
2022-07-13 07:43:31|3956|LOSS-USER-ADD-LossListReport|loss_data_doc_list_id|12|
2022-07-13 07:43:31|3956|LOSS-USER-UPDATELossList|loss_data_doc_id|1|
2022-07-13 07:45:44|3956|LOSS-USER-ADD-LossListReport|loss_data_doc_list_id|13|
2022-07-13 07:45:44|3956|LOSS-USER-UPDATELossList|loss_data_doc_id|1|
2022-07-13 07:49:42|3956|LOSS-USER-ADD-LossListReport|loss_data_doc_list_id|14|
2022-07-13 07:49:42|3956|LOSS-USER-UPDATELossList|loss_data_doc_id|1|
2022-07-13 07:50:09|3956|LOSS-USER-ADD-LossListReport|loss_data_doc_list_id|15|
2022-07-13 07:50:09|3956|LOSS-USER-UPDATELossList|loss_data_doc_id|1|
2022-07-13 07:58:14|3956|LOSS-USER-ADD-LossListReport|loss_data_doc_list_id|16|
2022-07-13 07:58:14|3956|LOSS-USER-UPDATELossList|loss_data_doc_id|1|
2022-07-13 07:58:54|3956|LOSS-USER-ADD-LossListReport|loss_data_doc_list_id|17|
2022-07-13 07:58:54|3956|LOSS-USER-UPDATELossList|loss_data_doc_id|1|
2022-07-13 08:24:53|3956|LOSS-APPROVER-Approve-LossReport|loss_data_doc_list_id|6|
2022-07-13 08:25:11|3956|LOSS-APPROVER-UPDATE-LossReportList|loss_data_doc_list_id||
2022-07-13 08:26:02|3956|LOSS-APPROVER-UPDATE-LossReportList|loss_data_doc_id|7|
2022-07-13 08:26:58|3956|LOSS-APPROVER-UPDATE-LossReport|loss_data_doc_id|10|
2022-07-13 08:27:16|3956|LOSS-APPROVER-UPDATE-LossReportList|loss_data_doc_list_id||
2022-07-13 08:27:27|3956|LOSS-APPROVER-UPDATE-LossReportList|loss_data_doc_list_id||
2022-07-13 08:28:05|3956|LOSS-APPROVER-UPDATE-LossReportList|loss_data_doc_list_id|13|
2022-07-13 08:29:12|3956|LOSS-APPROVER-UPDATE-LossReportList|loss_data_doc_list_id|15|
2022-07-13 08:29:28|3956|LOSS-APPROVER-UPDATE-LossReportList|loss_data_doc_list_id|14|
2022-07-13 08:31:43|3956|LOSS-APPROVER-UPDATE-LossReportList|loss_data_doc_list_id|17|
2022-07-13 08:42:01|3956|LOSS-APPROVER-Approve-LossReportList|loss_data_doc_list_id|6|
2022-07-13 08:42:05|3956|LOSS-APPROVER-Approve-LossReportList|loss_data_doc_list_id|7|
2022-07-13 08:42:08|3956|LOSS-APPROVER-Approve-LossReportList|loss_data_doc_list_id|13|
2022-07-13 08:42:10|3956|LOSS-APPROVER-Approve-LossReportList|loss_data_doc_list_id|12|
2022-07-13 08:44:19|3956|LOSS-RISK-UPDATESTATUS-LossReportList|loss_data_doc_list_id|6||STATUS|1
2022-07-13 08:44:32|3956|LOSS-RISK-UPDATE-LossReportList|loss_data_doc_list_id|7|
2022-07-13 08:46:33|3956|LOSS-RISK-UPDATE-LossReportList|loss_data_doc_list_id|12|
2022-07-13 08:46:49|3956|LOSS-RISK-UPDATESTATUS-LossReportList|loss_data_doc_list_id|13||STATUS|1
2022-07-14 07:17:09|3956|CSA-ADMIN-USER-UPDATE|user_id|3956|admin_user_id|3956|
2022-07-14 08:20:24|3956|LOSS-USER-ADD-LossReport|loss_data_doc_id|11|
2022-07-14 08:21:19|3956|LOSS-USER-ADD-LossReport|loss_data_doc_id|12|
2022-07-14 08:28:38|3956|LOSS-USER-ADD-LossListReport|loss_data_doc_list_id|18|
2022-07-14 08:28:38|3956|LOSS-USER-UPDATELossList|loss_data_doc_id|13|
2022-07-14 08:31:00|3956|LOSS-USER-ADD-LossListReport|loss_data_doc_list_id|19|
2022-07-14 08:31:00|3956|LOSS-USER-UPDATELossList|loss_data_doc_id|14|
2022-07-14 08:31:49|3956|LOSS-USER-ADD-LossListReport|loss_data_doc_list_id|20|
2022-07-14 08:31:49|3956|LOSS-USER-UPDATELossList|loss_data_doc_id|15|
2022-07-14 08:33:37|3956|LOSS-USER-ADD-LossReport|loss_data_doc_id|17|
2022-07-14 08:35:05|3956|LOSS-USER-ADD-LossReport|loss_data_doc_id|18|
2022-07-14 08:36:17|3956|LOSS-USER-ADD-LossListReport|loss_data_doc_list_id|21|
2022-07-14 08:36:17|3956|LOSS-USER-UPDATELossList|loss_data_doc_id|19|
2022-07-14 08:50:53|3956|CSA-ADMIN-USER-UPDATE|user_id|3956|admin_user_id|3956|
2022-07-14 09:16:04|3956|LOSS-USER-ADD-LossListReport|loss_data_doc_list_id|22|
2022-07-14 09:16:04|3956|LOSS-USER-UPDATELossList|loss_data_doc_id|20|
2022-07-14 09:20:27|3956|LOSS-USER-ADD-LossReport|loss_data_doc_id|1|
2022-07-14 09:20:48|3956|LOSS-USER-ADD-LossListReport|loss_data_doc_list_id|1|
2022-07-14 09:20:48|3956|LOSS-USER-UPDATELossList|loss_data_doc_id|2|
