2023-09-12 03:29:30|3956|USER-CHANGEPASSWD|user_id|3956|
2023-09-14 04:20:15|3956|USER-CHANGEPASSWD|user_id|3956|
2023-09-14 04:20:38|3956|LOSS-USER-ADD-LossReport|loss_data_doc_id|3|
2023-09-14 04:22:31|3956|LOSS-USER-ADD-LossListReport|loss_data_doc_list_id|3|
2023-09-14 04:22:31|3956|LOSS-USER-UPDATELossList|loss_data_doc_id|4|
2023-09-14 04:22:48|3956|LOSS-MANAGE-Delete-STATUS|loss_data_doc_list_id|
2023-09-14 04:30:05|3956|LOSS-USER-ADD-LossListReport|loss_data_doc_list_id|4|
2023-09-14 04:30:05|3956|LOSS-USER-UPDATELossList|loss_data_doc_id|4|
2023-09-14 04:30:39|3956|LOSS-APPROVER-Approve-LossReportList|loss_data_doc_list_id|3|
2023-09-14 04:30:45|3956|LOSS-APPROVER-UPDATE-LossReportList|loss_data_doc_list_id|4|
2023-09-14 04:36:22|3956|LOSS-RISK-UPDATE-LossReportList|loss_data_doc_list_id|3|
2023-09-14 04:36:27|3956|LOSS-RISK-Delete-LossReportList|loss_data_doc_list_id|3
2023-09-14 04:36:31|3956|LOSS-RISK-Delete-LossReportList|loss_data_doc_list_id|4
2023-09-14 04:36:51|3956|LOSS-MANAGE-Delete-STATUS|loss_data_doc_list_id|
2023-09-14 04:38:32|3956|LOSS-USER-ADD-LossListReport|loss_data_doc_list_id|5|
2023-09-14 04:38:32|3956|LOSS-USER-UPDATELossList|loss_data_doc_id|5|
2023-09-14 04:43:27|3956|LOSS-RISK-UPDATE-LossReportList|loss_data_doc_list_id|5|
2023-09-14 04:49:47|3956|LOSS-RISK-UPDATESTATUS-LossReportList|loss_data_doc_list_id|5||STATUS|1
2023-09-14 04:52:09|3956|LOSS-RISK-UPDATE-LossReportList|loss_data_doc_list_id|5|
2023-09-14 04:52:17|3956|LOSS-RISK-UPDATE-LossReportList|loss_data_doc_list_id|5|
2023-09-14 04:57:26|3956|LOSS-RISK-UPDATE-LossReportList|loss_data_doc_list_id|5|
2023-09-14 05:20:49|3956|LOSS-RISK-UPDATE-LossReportList|loss_data_doc_list_id|5|
2023-09-14 05:31:30|3956|LOSS-RISK-UPDATE-LossReportList|loss_data_doc_list_id|5|
2023-09-14 05:31:46|3956|LOSS-RISK-UPDATE-LossReportList|loss_data_doc_list_id|5|
2023-09-14 05:33:33|3956|LOSS-RISK-UPDATESTATUS-LossReportList|loss_data_doc_list_id|5||STATUS|1
2023-09-14 05:34:58|3956|LOSS-RISK-UPDATE-LossReportList|loss_data_doc_list_id|5|
2023-09-14 05:35:07|3956|LOSS-RISK-UPDATESTATUS-LossReportList|loss_data_doc_list_id|5||STATUS|1
2023-09-14 05:36:29|3956|LOSS-RISK-UPDATE-LossReportList|loss_data_doc_list_id|5|
2023-09-14 05:36:39|3956|LOSS-RISK-UPDATE-LossReportList|loss_data_doc_list_id|5|
2023-09-14 05:36:45|3956|LOSS-RISK-UPDATESTATUS-LossReportList|loss_data_doc_list_id|5||STATUS|1
2023-09-14 05:36:54|3956|LOSS-RISK-UPDATE-LossReportList|loss_data_doc_list_id|5|
2023-09-14 05:37:50|3956|LOSS-APPROVER-Approve-LossReportList|loss_data_doc_list_id|5|
2023-09-14 05:38:21|3956|LOSS-RISK-UPDATE-LossReportList|loss_data_doc_list_id||
2023-09-14 05:38:26|3956|LOSS-RISK-UPDATESTATUS-LossReportList|loss_data_doc_list_id|5||STATUS|1
2023-09-14 05:38:53|3956|LOSS-RISK-UPDATE-LossReportList|loss_data_doc_list_id|5|
2023-09-14 05:40:15|3956|LOSS-APPROVER-UPDATE-LossReport|loss_data_doc_id|5|
2023-09-14 05:41:12|3956|LOSS-RISK-UPDATE-LossReportList|loss_data_doc_list_id||
2023-09-14 05:41:18|3956|LOSS-RISK-UPDATE-LossReportList|loss_data_doc_list_id|5|
2023-09-14 05:41:49|3956|LOSS-RISK-UPDATE-LossReportList|loss_data_doc_list_id||
2023-09-14 05:41:54|3956|LOSS-RISK-UPDATESTATUS-LossReportList|loss_data_doc_list_id|5||STATUS|1
2023-09-14 05:42:04|3956|LOSS-RISK-UPDATE-LossReportList|loss_data_doc_list_id|5|
2023-09-14 05:43:34|3956|LOSS-RISK-UPDATESTATUS-LossReportList|loss_data_doc_list_id|5||STATUS|1
2023-09-14 05:43:40|3956|LOSS-RISK-Delete-LossReportList|loss_data_doc_list_id|5
2023-09-14 05:48:16|3956|LOSS-USER-ADD-LossListReport|loss_data_doc_list_id|6|
2023-09-14 05:48:16|3956|LOSS-USER-UPDATELossList|loss_data_doc_id|5|
2023-09-17 03:50:50|3956|LOSS-USER-ADD-LossListReport|loss_data_doc_list_id|7|
2023-09-17 03:50:50|3956|LOSS-USER-UPDATELossList|loss_data_doc_id|5|
2023-09-17 03:51:09|3956|LOSS-RISK-UPDATE-LossReportList|loss_data_doc_list_id|6|
2023-09-17 05:42:01|3956|LOSS-USER-ADD-LossReport|loss_data_doc_id|6|
2023-09-17 06:30:46|3956|LOSS-USER-ADD-LossListReport|loss_data_doc_list_id|8|
2023-09-17 06:30:46|3956|LOSS-USER-UPDATELossList|loss_data_doc_id|6|
2023-09-17 06:31:35|3956|LOSS-RISK-UPDATE-LossReportList|loss_data_doc_list_id|8|
