2022-06-09 05:24:17|3955|CSA-APPROVER-PART1-UPDATE|csa_department_id|1|
2022-06-10 09:16:49|3403|CSA-APPROVER-PART1-UPDATE|csa_department_id|2|
2022-06-10 09:16:54|3403|CSA-APPROVER-PART1-UPDATE|csa_department_id|2|
2022-06-10 09:16:58|3403|CSA-APPROVER-PART1-UPDATE|csa_department_id|2|
2022-06-10 09:19:17|3955|CSA-USER-ADD-JOBFUNCTION|csa_id|1|
2022-06-10 09:34:20|3955|CSA-USER-ADD-JOBFUNCTION|csa_id|2|
2022-06-10 09:34:32|3955|CSA-USER-UPDATE-JOBFUNCTION|csa_id||
2022-06-10 09:39:01|3955|CSA-USER-ADD-JOBFUNCTION|csa_id|3|
2022-06-10 09:40:10|3955|CSA-USER-UPDATE-JOBFUNCTION|csa_id||
2022-06-10 09:40:58|3955|CSA-USER-ADD-JOBFUNCTION|csa_id|4|
2022-06-10 09:41:27|3955|CSA-USER-ADD-JOBFUNCTION|csa_id|5|
2022-06-10 09:42:03|3955|CSA-USER-ADD-JOBFUNCTION|csa_id|6|
2022-06-10 09:42:30|3955|CSA-USER-ADD-JOBFUNCTION|csa_id|7|
2022-06-10 09:42:50|3955|CSA-USER-ADD-JOBFUNCTION|csa_id|8|
2022-06-10 09:43:16|3955|CSA-USER-ADD-JOBFUNCTION|csa_id|9|
2022-06-10 09:43:31|3955|CSA-USER-CONFIRM|csa_department_id|2|
2022-06-10 11:06:55|3955|CSA-USER-ADD-JOBFUNCTION|csa_id|10|
2022-06-10 11:08:03|3955|CSA-USER-ADD-JOBFUNCTION|csa_id|11|
2022-06-10 11:10:10|3955|CSA-USER-ADD-JOBFUNCTION|csa_id|12|
2022-06-11 07:27:04|3956|USER-UPDATEPROFILE|user_id|3956|
2022-06-11 07:27:07|3956|USER-UPDATEPROFILE|user_id|3956|
2022-06-11 07:27:10|3956|USER-UPDATEPROFILE|user_id|3956|
2022-06-11 07:27:14|3956|USER-UPDATEPROFILE|user_id|3956|
2022-06-11 07:29:28|3956|USER-UPDATEPROFILE|user_id|3956|
2022-06-11 07:29:31|3956|USER-UPDATEPROFILE|user_id|3956|
2022-06-11 07:31:43|3956|USER-UPDATEPROFILE|user_id|3956|
2022-06-12 08:07:33|3956|CSA-USER-ADD-JOBFUNCTION|csa_id|13|
2022-06-13 09:16:06|3956|USER-UPDATEPROFILE|user_id|3956|
2022-06-13 09:46:13|3955|RCSA-UPDATE-PLAN []
2022-06-13 10:29:40|3955|CSA-USER-ADD-JOBFUNCTION|csa_id|14|
2022-06-13 10:56:48|3955|CSA-USER-ADD-JOBFUNCTION|csa_id|15|
2022-06-13 11:16:41|3955|CSA-USER-UPDATE-JOBFUNCTION|csa_id||
2022-06-13 11:29:00|3403|CSA-APPROVER-PART1-UPDATE|csa_department_id|2|
2022-06-14 01:22:52|3956|loss-approvedstatuschange-list
2022-06-14 01:23:08|3956|loss-approvedstatuschange-list
2022-06-14 09:44:16|3955|CSA-USER-ADD-JOBFUNCTION|csa_id|16|
2022-06-14 09:46:48|3955|CSA-APPROVER-PART1-UPDATE|csa_department_id|1|
2022-06-14 02:41:22|3956|CSA-USER-UPDATE-JOBFUNCTION|csa_id||
2022-06-14 02:42:06|3956|CSA-USER-UPDATE-JOBFUNCTION|csa_id||
2022-06-14 02:42:29|3956|CSA-USER-UPDATE-JOBFUNCTION|csa_id||
2022-06-14 04:42:14|3956|CSA-ADMIN-RISK-PART2-UPDATE|csa_id|1|csa_department_id|2|
2022-06-14 04:43:14|3956|CSA-ADMIN-RISK-PART2-UPDATE|csa_id|1|csa_department_id|2|
2022-06-14 04:43:24|3956|CSA-ADMIN-RISK-PART2-UPDATE|csa_id|1|csa_department_id|2|
2022-06-14 04:43:30|3956|CSA-ADMIN-RISK-PART2-UPDATE|csa_id|1|csa_department_id|2|
2022-06-14 04:43:43|3956|CSA-ADMIN-RISK-PART2-UPDATE|csa_id|1|csa_department_id|2|
2022-06-14 05:08:33|3956|CSA-ADMIN-RISK-PART2-UPDATE|csa_id|1|csa_department_id|2|
2022-06-14 05:08:46|3956|CSA-ADMIN-RISK-PART2-UPDATE|csa_id|1|csa_department_id|2|
2022-06-14 05:09:00|3956|CSA-ADMIN-RISK-PART2-UPDATE|csa_id|1|csa_department_id|2|
2022-06-14 05:12:51|3956|CSA-ADMIN-RISK-PART2-UPDATE|csa_id|1|csa_department_id|2|
2022-06-15 07:23:16|3956|CSA-ADMIN-USER-UPDATE|user_id|4092|
2022-06-15 02:58:11|3956|CSA-ADMIN-USER-ADD|user_id|0|
2022-06-15 02:58:27|3956|CSA-ADMIN-USER-DEL|user_id|6010|
2022-06-15 07:30:39|3956|CSA-ADMIN-RISK-PART2-UPDATE|csa_id|10|csa_department_id|1|
2022-06-15 07:31:05|3956|CSA-ADMIN-RISK-PART2-UPDATE|csa_id|10|csa_department_id|1|
2022-06-15 07:31:11|3956|CSA-ADMIN-RISK-PART2-UPDATE|csa_id|10|csa_department_id|1|
2022-06-16 10:08:57|3956|loss-approvedstatuschange-list
2022-06-16 01:39:57|3956|loss-approvedstatuschange-list
2022-06-16 01:41:51|3956|loss-approvedstatuschange-list
2022-06-16 01:56:10|3956|loss-approvedstatuschange-list
2022-06-20 04:24:20|3956|loss-approvedstatuschange-list
2022-06-20 07:23:55|3956|CSA-ADMIN-USER-UPDATE|user_id|5206|
2022-06-20 09:13:55|3956|loss-approvedstatuschange-list
2022-06-20 09:14:26|3956|loss-approvedstatuschange-list
2022-06-20 09:14:30|3956|loss-approvedstatuschange-list
2022-06-20 09:14:34|3956|loss-approvedstatuschange-list
