[2022-05-01 12:48:06][3403] loss-open-data
[2022-05-01 12:48:07][3403] loss-openmanage-data
[2022-05-03 11:02:30][3954] loss-open-data
[2022-05-03 11:02:31][3954] loss-openmanage-data
[2022-05-03 11:03:13][3954] loss-open-data
[2022-05-03 11:03:14][3954] loss-openmanage-data
[2022-05-03 11:11:07][3403] loss-open-data
[2022-05-03 11:32:22][3954] loss-open-data
[2022-05-08 11:09:22][3954] loss-open-data
[2022-05-08 11:09:25][3954] loss-openmanage-data
[2022-05-09 11:38:08][3403] profile-update-profile
[2022-05-09 11:38:34][3403] loss-open-data
[2022-05-09 11:38:36][3403] loss-openmanage-data
[2022-05-09 11:39:49][3403] loss-open-data
[2022-05-09 11:40:13][3403] loss-open-data
[2022-05-09 11:40:20][3403] loss-open-data
[2022-05-09 11:40:20][3403] loss-unlock-data
[2022-05-09 11:40:27][3403] loss-open-data
[2022-05-09 11:40:27][3403] loss-lock-data
[2022-05-09 11:41:18][3403] loss-openmanage-data
[2022-05-09 11:41:27][3403] loss-open-data
[2022-05-09 11:41:32][3403] loss-open-data
[2022-05-09 11:41:54][3403] loss-openmanage-data
[2022-05-09 11:41:55][3403] loss-openmanage-data
[2022-05-09 11:41:59][3403] loss-openmanage-data
[2022-05-10 10:53:54][3403] profile-update-profile
[2022-05-10 10:54:38][3403] profile-update-profile
[2022-05-10 10:55:18][3403] loss-open-data
[2022-05-10 10:55:20][3403] loss-openmanage-data
[2022-05-10 10:59:42][3403] loss-open-data
[2022-05-10 10:59:48][3403] loss-open-data
[2022-05-10 11:00:24][3403] loss-openmanage-data
[2022-05-11 08:13:15][3954] profile-update-profile
[2022-05-11 08:14:48][3954] profile-update-profile
[2022-05-11 08:16:23][3954] profile-update-profile
[2022-05-11 08:16:57][3954] profile-update-profile
[2022-05-11 08:17:46][3954] profile-update-profile
[2022-05-11 10:53:52][3954] profile-update-profile
[2022-05-11 11:15:22][3954] loss-openmanage-data
[2022-05-11 04:57:04][3956] loss-openmanage-data
[2022-05-11 05:01:47][3956] loss-openmanage-data
[2022-05-11 05:14:16][3956] profile-update-profile
[2022-05-11 05:23:07][3956] profile-update-profile
[2022-05-11 05:23:14][3956] profile-update-profile
[2022-05-11 08:08:05][3956] profile-update-profile
[2022-05-12 08:02:16][3956] profile-update-profile
[2022-05-12 08:03:08][3956] profile-update-profile
[2022-05-12 08:03:11][3956] profile-update-profile
[2022-05-12 08:50:45][3403] profile-update-profile
[2022-05-12 08:52:09][3956] loss-openmanage-data
[2022-05-12 09:11:00][3956] loss-openmanage-data
[2022-05-12 09:20:36][3956] profile-update-profile
[2022-05-12 09:20:48][3956] profile-update-profile
[2022-05-12 10:54:48][3403] profile-update-profile
[2022-05-12 10:54:54][3403] profile-update-profile
[2022-05-12 10:54:59][3403] profile-update-profile
